<?xml version="1.0" encoding="UTF-8"?>
<!-- Generated by org.testng.reporters.JUnitReportReporter -->
<testsuite hostname="DESKTOP-LTKBB09" failures="0" tests="3" name="com.jostens.qa.testcases.SchoolStorePageTest" time="85.299" errors="0" timestamp="2020-12-20T10:48:15 CST" skipped="0">
  <testcase classname="com.jostens.qa.testcases.SchoolStorePageTest" name="productSearchTest" time="34.155"/>
  <system-out/>
  <testcase classname="com.jostens.qa.testcases.SchoolStorePageTest" name="productSearchTest" time="24.932"/>
  <system-out/>
  <testcase classname="com.jostens.qa.testcases.SchoolStorePageTest" name="productSearchTest" time="26.212"/>
  <system-out/>
</testsuite> <!-- com.jostens.qa.testcases.SchoolStorePageTest -->
