<?xml version="1.0" encoding="UTF-8"?>
<!-- Generated by org.testng.reporters.JUnitReportReporter -->
<testsuite hostname="DESKTOP-LTKBB09" failures="0" tests="2" name="com.jostens.qa.testcases.HomePageTest" time="5.922" errors="0" timestamp="2020-12-19T17:00:57 CST" skipped="0">
  <testcase classname="com.jostens.qa.testcases.HomePageTest" name="searchForSchoolTest" time="3.267"/>
  <system-out/>
  <testcase classname="com.jostens.qa.testcases.HomePageTest" name="searchForSchoolTest" time="2.655"/>
  <system-out/>
</testsuite> <!-- com.jostens.qa.testcases.HomePageTest -->
