<?xml version="1.0" encoding="UTF-8"?>
<!-- Generated by org.testng.reporters.JUnitReportReporter -->
<testsuite hostname="DESKTOP-LTKBB09" failures="0" tests="1" name="com.jostens.qa.testcases.PaymentPageTest" time="9.544" errors="0" timestamp="2020-12-19T02:34:37 CST" skipped="0">
  <testcase classname="com.jostens.qa.testcases.PaymentPageTest" name="test" time="9.544"/>
  <system-out/>
</testsuite> <!-- com.jostens.qa.testcases.PaymentPageTest -->
