<?xml version="1.0" encoding="UTF-8"?>
<!-- Generated by org.testng.reporters.JUnitReportReporter -->
<testsuite hostname="DESKTOP-LTKBB09" failures="0" tests="3" name="com.jostens.qa.testcases.ShoppingCartPageTest" time="2.390" errors="0" timestamp="2020-12-19T17:00:57 CST" skipped="0">
  <testcase classname="com.jostens.qa.testcases.ShoppingCartPageTest" name="addProductToCartTest" time="1.942"/>
  <system-out/>
  <testcase classname="com.jostens.qa.testcases.ShoppingCartPageTest" name="addProductToCartTest" time="0.231"/>
  <system-out/>
  <testcase classname="com.jostens.qa.testcases.ShoppingCartPageTest" name="addProductToCartTest" time="0.217"/>
  <system-out/>
</testsuite> <!-- com.jostens.qa.testcases.ShoppingCartPageTest -->
