<?xml version="1.0" encoding="UTF-8"?>
<!-- Generated by org.testng.reporters.JUnitReportReporter -->
<testsuite hostname="DESKTOP-LTKBB09" failures="0" tests="1" name="com.jostens.qa.testcases.PaymentPageTest" time="13.145" errors="0" timestamp="2020-12-20T10:48:15 CST" skipped="0">
  <testcase classname="com.jostens.qa.testcases.PaymentPageTest" name="paymentMethodTest" time="13.145"/>
  <system-out/>
</testsuite> <!-- com.jostens.qa.testcases.PaymentPageTest -->
