<?xml version="1.0" encoding="UTF-8"?>
<!-- Generated by org.testng.reporters.JUnitReportReporter -->
<testsuite hostname="DESKTOP-LTKBB09" failures="0" tests="3" name="com.jostens.qa.testcases.ShoppingCartPageTest" time="2.203" errors="0" timestamp="2020-12-19T02:34:37 CST" skipped="0">
  <testcase classname="com.jostens.qa.testcases.ShoppingCartPageTest" name="addProductToCartTest" time="0.170"/>
  <system-out/>
  <testcase classname="com.jostens.qa.testcases.ShoppingCartPageTest" name="addProductToCartTest" time="0.180"/>
  <system-out/>
  <testcase classname="com.jostens.qa.testcases.ShoppingCartPageTest" name="addProductToCartTest" time="1.853"/>
  <system-out/>
</testsuite> <!-- com.jostens.qa.testcases.ShoppingCartPageTest -->
