<?xml version="1.0" encoding="UTF-8"?>
<!-- Generated by org.testng.reporters.JUnitReportReporter -->
<testsuite hostname="DESKTOP-LTKBB09" failures="0" tests="3" name="com.jostens.qa.testcases.ShoppingCartPageTest" time="2.167" errors="0" timestamp="2020-12-19T12:03:50 CST" skipped="0">
  <testcase classname="com.jostens.qa.testcases.ShoppingCartPageTest" name="addProductToCartTest" time="1.813"/>
  <system-out/>
  <testcase classname="com.jostens.qa.testcases.ShoppingCartPageTest" name="addProductToCartTest" time="0.176"/>
  <system-out/>
  <testcase classname="com.jostens.qa.testcases.ShoppingCartPageTest" name="addProductToCartTest" time="0.178"/>
  <system-out/>
</testsuite> <!-- com.jostens.qa.testcases.ShoppingCartPageTest -->
