<?xml version="1.0" encoding="UTF-8"?>
<!-- Generated by org.testng.reporters.JUnitReportReporter -->
<testsuite hostname="DESKTOP-LTKBB09" failures="0" tests="3" name="com.jostens.qa.testcases.SchoolStorePageTest" time="67.618" errors="0" timestamp="2020-12-19T12:03:50 CST" skipped="0">
  <testcase classname="com.jostens.qa.testcases.SchoolStorePageTest" name="productSearchTest" time="25.360"/>
  <system-out/>
  <testcase classname="com.jostens.qa.testcases.SchoolStorePageTest" name="productSearchTest" time="20.849"/>
  <system-out/>
  <testcase classname="com.jostens.qa.testcases.SchoolStorePageTest" name="productSearchTest" time="21.409"/>
  <system-out/>
</testsuite> <!-- com.jostens.qa.testcases.SchoolStorePageTest -->
