<?xml version="1.0" encoding="UTF-8"?>
<!-- Generated by org.testng.reporters.JUnitReportReporter -->
<testsuite hostname="DESKTOP-LTKBB09" failures="0" tests="3" name="com.jostens.qa.testcases.ShoppingCartPageTest" time="6.820" errors="0" timestamp="2020-12-20T10:48:15 CST" skipped="0">
  <testcase classname="com.jostens.qa.testcases.ShoppingCartPageTest" name="addProductToCartTest" time="1.206"/>
  <system-out/>
  <testcase classname="com.jostens.qa.testcases.ShoppingCartPageTest" name="addProductToCartTest" time="1.667"/>
  <system-out/>
  <testcase classname="com.jostens.qa.testcases.ShoppingCartPageTest" name="addProductToCartTest" time="3.947"/>
  <system-out/>
</testsuite> <!-- com.jostens.qa.testcases.ShoppingCartPageTest -->
