<?xml version="1.0" encoding="UTF-8"?>
<!-- Generated by org.testng.reporters.JUnitReportReporter -->
<testsuite hostname="DESKTOP-LTKBB09" failures="0" tests="2" name="com.jostens.qa.testcases.LoginPageTest" time="22.479" errors="0" timestamp="2020-12-20T10:48:15 CST" skipped="0">
  <testcase classname="com.jostens.qa.testcases.LoginPageTest" name="loginTest" time="8.113"/>
  <system-out/>
  <testcase classname="com.jostens.qa.testcases.LoginPageTest" name="loginTest" time="14.366"/>
  <system-out/>
</testsuite> <!-- com.jostens.qa.testcases.LoginPageTest -->
