<?xml version="1.0" encoding="UTF-8"?>
<!-- Generated by org.testng.reporters.JUnitReportReporter -->
<testsuite hostname="DESKTOP-LTKBB09" failures="0" tests="3" name="com.jostens.qa.testcases.SchoolStorePageTest" time="71.559" errors="0" timestamp="2020-12-19T16:30:12 CST" skipped="0">
  <testcase classname="com.jostens.qa.testcases.SchoolStorePageTest" name="productSearchTest" time="22.753"/>
  <system-out/>
  <testcase classname="com.jostens.qa.testcases.SchoolStorePageTest" name="productSearchTest" time="22.470"/>
  <system-out/>
  <testcase classname="com.jostens.qa.testcases.SchoolStorePageTest" name="productSearchTest" time="26.336"/>
  <system-out/>
</testsuite> <!-- com.jostens.qa.testcases.SchoolStorePageTest -->
