<?xml version="1.0" encoding="UTF-8"?>
<!-- Generated by org.testng.reporters.JUnitReportReporter -->
<testsuite hostname="DESKTOP-LTKBB09" failures="0" tests="3" name="com.jostens.qa.testcases.SchoolStorePageTest" time="68.272" errors="0" timestamp="2020-12-19T17:00:57 CST" skipped="0">
  <testcase classname="com.jostens.qa.testcases.SchoolStorePageTest" name="productSearchTest" time="21.899"/>
  <system-out/>
  <testcase classname="com.jostens.qa.testcases.SchoolStorePageTest" name="productSearchTest" time="25.399"/>
  <system-out/>
  <testcase classname="com.jostens.qa.testcases.SchoolStorePageTest" name="productSearchTest" time="20.974"/>
  <system-out/>
</testsuite> <!-- com.jostens.qa.testcases.SchoolStorePageTest -->
