<?xml version="1.0" encoding="UTF-8"?>
<!-- Generated by org.testng.reporters.JUnitReportReporter -->
<testsuite hostname="DESKTOP-LTKBB09" failures="0" tests="2" name="com.jostens.qa.testcases.HomePageTest" time="5.648" errors="0" timestamp="2020-12-19T02:34:37 CST" skipped="0">
  <testcase classname="com.jostens.qa.testcases.HomePageTest" name="searchForSchoolTest" time="2.485"/>
  <system-out/>
  <testcase classname="com.jostens.qa.testcases.HomePageTest" name="searchForSchoolTest" time="3.163"/>
  <system-out/>
</testsuite> <!-- com.jostens.qa.testcases.HomePageTest -->
