<?xml version="1.0" encoding="UTF-8"?>
<!-- Generated by org.testng.reporters.JUnitReportReporter -->
<testsuite hostname="DESKTOP-LTKBB09" failures="0" tests="3" name="com.jostens.qa.testcases.SchoolStorePageTest" time="68.777" errors="0" timestamp="2020-12-19T02:34:37 CST" skipped="0">
  <testcase classname="com.jostens.qa.testcases.SchoolStorePageTest" name="productSearchTest" time="20.669"/>
  <system-out/>
  <testcase classname="com.jostens.qa.testcases.SchoolStorePageTest" name="productSearchTest" time="26.525"/>
  <system-out/>
  <testcase classname="com.jostens.qa.testcases.SchoolStorePageTest" name="productSearchTest" time="21.583"/>
  <system-out/>
</testsuite> <!-- com.jostens.qa.testcases.SchoolStorePageTest -->
