<?xml version="1.0" encoding="UTF-8"?>
<!-- Generated by org.testng.reporters.JUnitReportReporter -->
<testsuite hostname="DESKTOP-LTKBB09" failures="0" tests="2" name="com.jostens.qa.testcases.HomePageTest" time="10.334" errors="0" timestamp="2020-12-20T10:48:15 CST" skipped="0">
  <testcase classname="com.jostens.qa.testcases.HomePageTest" name="searchForSchoolTest" time="5.600"/>
  <system-out/>
  <testcase classname="com.jostens.qa.testcases.HomePageTest" name="searchForSchoolTest" time="4.734"/>
  <system-out/>
</testsuite> <!-- com.jostens.qa.testcases.HomePageTest -->
